The system is: Linux - 6.0.8-arch1-1 - x86_64
Compiling the C compiler identification source file "CMakeCCompilerId.c" succeeded.
Compiler: /bin/clang 
Build flags: 
Id flags:  

The output was:
0


Compilation of the C compiler identification source "CMakeCCompilerId.c" produced "a.out"

The C compiler identification is Clang, found in "/home/eriksson/code/minivan/build/CMakeFiles/3.24.3/CompilerIdC/a.out"

Compiling the CXX compiler identification source file "CMakeCXXCompilerId.cpp" succeeded.
Compiler: /bin/clang++ 
Build flags: 
Id flags:  

The output was:
0


Compilation of the CXX compiler identification source "CMakeCXXCompilerId.cpp" produced "a.out"

The CXX compiler identification is Clang, found in "/home/eriksson/code/minivan/build/CMakeFiles/3.24.3/CompilerIdCXX/a.out"

Detecting C compiler ABI info compiled with the following output:
Change Dir: /home/eriksson/code/minivan/build/CMakeFiles/CMakeTmp

Run Build Command(s):/usr/bin/make -f Makefile cmTC_4b534/fast && /usr/bin/make  -f CMakeFiles/cmTC_4b534.dir/build.make CMakeFiles/cmTC_4b534.dir/build
make[1]: Entering directory '/home/eriksson/code/minivan/build/CMakeFiles/CMakeTmp'
Building C object CMakeFiles/cmTC_4b534.dir/CMakeCCompilerABI.c.o
/bin/clang   -v -MD -MT CMakeFiles/cmTC_4b534.dir/CMakeCCompilerABI.c.o -MF CMakeFiles/cmTC_4b534.dir/CMakeCCompilerABI.c.o.d -o CMakeFiles/cmTC_4b534.dir/CMakeCCompilerABI.c.o -c /usr/share/cmake/Modules/CMakeCCompilerABI.c
clang version 14.0.6
Target: x86_64-pc-linux-gnu
Thread model: posix
InstalledDir: /bin
Found candidate GCC installation: /bin/../lib/gcc/x86_64-pc-linux-gnu/12.2.0
Found candidate GCC installation: /bin/../lib64/gcc/x86_64-pc-linux-gnu/12.2.0
Selected GCC installation: /bin/../lib64/gcc/x86_64-pc-linux-gnu/12.2.0
Candidate multilib: .;@m64
Candidate multilib: 32;@m32
Selected multilib: .;@m64
 (in-process)
 "/usr/bin/clang-14" -cc1 -triple x86_64-pc-linux-gnu -emit-obj -mrelax-all --mrelax-relocations -disable-free -clear-ast-before-backend -disable-llvm-verifier -discard-value-names -main-file-name CMakeCCompilerABI.c -mrelocation-model pic -pic-level 2 -pic-is-pie -mframe-pointer=all -fmath-errno -ffp-contract=on -fno-rounding-math -mconstructor-aliases -funwind-tables=2 -target-cpu x86-64 -tune-cpu generic -mllvm -treat-scalable-fixed-error-as-warning -debugger-tuning=gdb -v -fcoverage-compilation-dir=/home/eriksson/code/minivan/build/CMakeFiles/CMakeTmp -resource-dir /usr/lib/clang/14.0.6 -dependency-file CMakeFiles/cmTC_4b534.dir/CMakeCCompilerABI.c.o.d -MT CMakeFiles/cmTC_4b534.dir/CMakeCCompilerABI.c.o -sys-header-deps -internal-isystem /usr/lib/clang/14.0.6/include -internal-isystem /usr/local/include -internal-isystem /bin/../lib64/gcc/x86_64-pc-linux-gnu/12.2.0/../../../../x86_64-pc-linux-gnu/include -internal-externc-isystem /include -internal-externc-isystem /usr/include -fdebug-compilation-dir=/home/eriksson/code/minivan/build/CMakeFiles/CMakeTmp -ferror-limit 19 -stack-protector 2 -fgnuc-version=4.2.1 -faddrsig -D__GCC_HAVE_DWARF2_CFI_ASM=1 -o CMakeFiles/cmTC_4b534.dir/CMakeCCompilerABI.c.o -x c /usr/share/cmake/Modules/CMakeCCompilerABI.c
clang -cc1 version 14.0.6 based upon LLVM 14.0.6 default target x86_64-pc-linux-gnu
ignoring nonexistent directory "/bin/../lib64/gcc/x86_64-pc-linux-gnu/12.2.0/../../../../x86_64-pc-linux-gnu/include"
ignoring nonexistent directory "/include"
#include "..." search starts here:
#include <...> search starts here:
 /usr/lib/clang/14.0.6/include
 /usr/local/include
 /usr/include
End of search list.
Linking C executable cmTC_4b534
/usr/bin/cmake -E cmake_link_script CMakeFiles/cmTC_4b534.dir/link.txt --verbose=1
/bin/clang  -v -rdynamic CMakeFiles/cmTC_4b534.dir/CMakeCCompilerABI.c.o -o cmTC_4b534 
clang version 14.0.6
Target: x86_64-pc-linux-gnu
Thread model: posix
InstalledDir: /bin
Found candidate GCC installation: /bin/../lib/gcc/x86_64-pc-linux-gnu/12.2.0
Found candidate GCC installation: /bin/../lib64/gcc/x86_64-pc-linux-gnu/12.2.0
Selected GCC installation: /bin/../lib64/gcc/x86_64-pc-linux-gnu/12.2.0
Candidate multilib: .;@m64
Candidate multilib: 32;@m32
Selected multilib: .;@m64
 "/bin/ld" -pie -export-dynamic --build-id --eh-frame-hdr -m elf_x86_64 -export-dynamic -dynamic-linker /lib64/ld-linux-x86-64.so.2 -o cmTC_4b534 /bin/../lib64/gcc/x86_64-pc-linux-gnu/12.2.0/../../../../lib64/Scrt1.o /bin/../lib64/gcc/x86_64-pc-linux-gnu/12.2.0/../../../../lib64/crti.o /bin/../lib64/gcc/x86_64-pc-linux-gnu/12.2.0/crtbeginS.o -L/bin/../lib64/gcc/x86_64-pc-linux-gnu/12.2.0 -L/bin/../lib64/gcc/x86_64-pc-linux-gnu/12.2.0/../../../../lib64 -L/lib/../lib64 -L/usr/lib/../lib64 -L/lib -L/usr/lib CMakeFiles/cmTC_4b534.dir/CMakeCCompilerABI.c.o -lgcc --as-needed -lgcc_s --no-as-needed -lc -lgcc --as-needed -lgcc_s --no-as-needed /bin/../lib64/gcc/x86_64-pc-linux-gnu/12.2.0/crtendS.o /bin/../lib64/gcc/x86_64-pc-linux-gnu/12.2.0/../../../../lib64/crtn.o
make[1]: Leaving directory '/home/eriksson/code/minivan/build/CMakeFiles/CMakeTmp'



Parsed C implicit include dir info from above output: rv=done
  found start of include info
  found start of implicit include info
    add: [/usr/lib/clang/14.0.6/include]
    add: [/usr/local/include]
    add: [/usr/include]
  end of search list found
  collapse include dir [/usr/lib/clang/14.0.6/include] ==> [/usr/lib/clang/14.0.6/include]
  collapse include dir [/usr/local/include] ==> [/usr/local/include]
  collapse include dir [/usr/include] ==> [/usr/include]
  implicit include dirs: [/usr/lib/clang/14.0.6/include;/usr/local/include;/usr/include]


Parsed C implicit link information from above output:
  link line regex: [^( *|.*[/\])(ld|CMAKE_LINK_STARTFILE-NOTFOUND|([^/\]+-)?ld|collect2)[^/\]*( |$)]
  ignore line: [Change Dir: /home/eriksson/code/minivan/build/CMakeFiles/CMakeTmp]
  ignore line: []
  ignore line: [Run Build Command(s):/usr/bin/make -f Makefile cmTC_4b534/fast && /usr/bin/make  -f CMakeFiles/cmTC_4b534.dir/build.make CMakeFiles/cmTC_4b534.dir/build]
  ignore line: [make[1]: Entering directory '/home/eriksson/code/minivan/build/CMakeFiles/CMakeTmp']
  ignore line: [Building C object CMakeFiles/cmTC_4b534.dir/CMakeCCompilerABI.c.o]
  ignore line: [/bin/clang   -v -MD -MT CMakeFiles/cmTC_4b534.dir/CMakeCCompilerABI.c.o -MF CMakeFiles/cmTC_4b534.dir/CMakeCCompilerABI.c.o.d -o CMakeFiles/cmTC_4b534.dir/CMakeCCompilerABI.c.o -c /usr/share/cmake/Modules/CMakeCCompilerABI.c]
  ignore line: [clang version 14.0.6]
  ignore line: [Target: x86_64-pc-linux-gnu]
  ignore line: [Thread model: posix]
  ignore line: [InstalledDir: /bin]
  ignore line: [Found candidate GCC installation: /bin/../lib/gcc/x86_64-pc-linux-gnu/12.2.0]
  ignore line: [Found candidate GCC installation: /bin/../lib64/gcc/x86_64-pc-linux-gnu/12.2.0]
  ignore line: [Selected GCC installation: /bin/../lib64/gcc/x86_64-pc-linux-gnu/12.2.0]
  ignore line: [Candidate multilib: .]
  ignore line: [@m64]
  ignore line: [Candidate multilib: 32]
  ignore line: [@m32]
  ignore line: [Selected multilib: .]
  ignore line: [@m64]
  ignore line: [ (in-process)]
  ignore line: [ "/usr/bin/clang-14" -cc1 -triple x86_64-pc-linux-gnu -emit-obj -mrelax-all --mrelax-relocations -disable-free -clear-ast-before-backend -disable-llvm-verifier -discard-value-names -main-file-name CMakeCCompilerABI.c -mrelocation-model pic -pic-level 2 -pic-is-pie -mframe-pointer=all -fmath-errno -ffp-contract=on -fno-rounding-math -mconstructor-aliases -funwind-tables=2 -target-cpu x86-64 -tune-cpu generic -mllvm -treat-scalable-fixed-error-as-warning -debugger-tuning=gdb -v -fcoverage-compilation-dir=/home/eriksson/code/minivan/build/CMakeFiles/CMakeTmp -resource-dir /usr/lib/clang/14.0.6 -dependency-file CMakeFiles/cmTC_4b534.dir/CMakeCCompilerABI.c.o.d -MT CMakeFiles/cmTC_4b534.dir/CMakeCCompilerABI.c.o -sys-header-deps -internal-isystem /usr/lib/clang/14.0.6/include -internal-isystem /usr/local/include -internal-isystem /bin/../lib64/gcc/x86_64-pc-linux-gnu/12.2.0/../../../../x86_64-pc-linux-gnu/include -internal-externc-isystem /include -internal-externc-isystem /usr/include -fdebug-compilation-dir=/home/eriksson/code/minivan/build/CMakeFiles/CMakeTmp -ferror-limit 19 -stack-protector 2 -fgnuc-version=4.2.1 -faddrsig -D__GCC_HAVE_DWARF2_CFI_ASM=1 -o CMakeFiles/cmTC_4b534.dir/CMakeCCompilerABI.c.o -x c /usr/share/cmake/Modules/CMakeCCompilerABI.c]
  ignore line: [clang -cc1 version 14.0.6 based upon LLVM 14.0.6 default target x86_64-pc-linux-gnu]
  ignore line: [ignoring nonexistent directory "/bin/../lib64/gcc/x86_64-pc-linux-gnu/12.2.0/../../../../x86_64-pc-linux-gnu/include"]
  ignore line: [ignoring nonexistent directory "/include"]
  ignore line: [#include "..." search starts here:]
  ignore line: [#include <...> search starts here:]
  ignore line: [ /usr/lib/clang/14.0.6/include]
  ignore line: [ /usr/local/include]
  ignore line: [ /usr/include]
  ignore line: [End of search list.]
  ignore line: [Linking C executable cmTC_4b534]
  ignore line: [/usr/bin/cmake -E cmake_link_script CMakeFiles/cmTC_4b534.dir/link.txt --verbose=1]
  ignore line: [/bin/clang  -v -rdynamic CMakeFiles/cmTC_4b534.dir/CMakeCCompilerABI.c.o -o cmTC_4b534 ]
  ignore line: [clang version 14.0.6]
  ignore line: [Target: x86_64-pc-linux-gnu]
  ignore line: [Thread model: posix]
  ignore line: [InstalledDir: /bin]
  ignore line: [Found candidate GCC installation: /bin/../lib/gcc/x86_64-pc-linux-gnu/12.2.0]
  ignore line: [Found candidate GCC installation: /bin/../lib64/gcc/x86_64-pc-linux-gnu/12.2.0]
  ignore line: [Selected GCC installation: /bin/../lib64/gcc/x86_64-pc-linux-gnu/12.2.0]
  ignore line: [Candidate multilib: .]
  ignore line: [@m64]
  ignore line: [Candidate multilib: 32]
  ignore line: [@m32]
  ignore line: [Selected multilib: .]
  ignore line: [@m64]
  link line: [ "/bin/ld" -pie -export-dynamic --build-id --eh-frame-hdr -m elf_x86_64 -export-dynamic -dynamic-linker /lib64/ld-linux-x86-64.so.2 -o cmTC_4b534 /bin/../lib64/gcc/x86_64-pc-linux-gnu/12.2.0/../../../../lib64/Scrt1.o /bin/../lib64/gcc/x86_64-pc-linux-gnu/12.2.0/../../../../lib64/crti.o /bin/../lib64/gcc/x86_64-pc-linux-gnu/12.2.0/crtbeginS.o -L/bin/../lib64/gcc/x86_64-pc-linux-gnu/12.2.0 -L/bin/../lib64/gcc/x86_64-pc-linux-gnu/12.2.0/../../../../lib64 -L/lib/../lib64 -L/usr/lib/../lib64 -L/lib -L/usr/lib CMakeFiles/cmTC_4b534.dir/CMakeCCompilerABI.c.o -lgcc --as-needed -lgcc_s --no-as-needed -lc -lgcc --as-needed -lgcc_s --no-as-needed /bin/../lib64/gcc/x86_64-pc-linux-gnu/12.2.0/crtendS.o /bin/../lib64/gcc/x86_64-pc-linux-gnu/12.2.0/../../../../lib64/crtn.o]
    arg [/bin/ld] ==> ignore
    arg [-pie] ==> ignore
    arg [-export-dynamic] ==> ignore
    arg [--build-id] ==> ignore
    arg [--eh-frame-hdr] ==> ignore
    arg [-m] ==> ignore
    arg [elf_x86_64] ==> ignore
    arg [-export-dynamic] ==> ignore
    arg [-dynamic-linker] ==> ignore
    arg [/lib64/ld-linux-x86-64.so.2] ==> ignore
    arg [-o] ==> ignore
    arg [cmTC_4b534] ==> ignore
    arg [/bin/../lib64/gcc/x86_64-pc-linux-gnu/12.2.0/../../../../lib64/Scrt1.o] ==> obj [/bin/../lib64/gcc/x86_64-pc-linux-gnu/12.2.0/../../../../lib64/Scrt1.o]
    arg [/bin/../lib64/gcc/x86_64-pc-linux-gnu/12.2.0/../../../../lib64/crti.o] ==> obj [/bin/../lib64/gcc/x86_64-pc-linux-gnu/12.2.0/../../../../lib64/crti.o]
    arg [/bin/../lib64/gcc/x86_64-pc-linux-gnu/12.2.0/crtbeginS.o] ==> obj [/bin/../lib64/gcc/x86_64-pc-linux-gnu/12.2.0/crtbeginS.o]
    arg [-L/bin/../lib64/gcc/x86_64-pc-linux-gnu/12.2.0] ==> dir [/bin/../lib64/gcc/x86_64-pc-linux-gnu/12.2.0]
    arg [-L/bin/../lib64/gcc/x86_64-pc-linux-gnu/12.2.0/../../../../lib64] ==> dir [/bin/../lib64/gcc/x86_64-pc-linux-gnu/12.2.0/../../../../lib64]
    arg [-L/lib/../lib64] ==> dir [/lib/../lib64]
    arg [-L/usr/lib/../lib64] ==> dir [/usr/lib/../lib64]
    arg [-L/lib] ==> dir [/lib]
    arg [-L/usr/lib] ==> dir [/usr/lib]
    arg [CMakeFiles/cmTC_4b534.dir/CMakeCCompilerABI.c.o] ==> ignore
    arg [-lgcc] ==> lib [gcc]
    arg [--as-needed] ==> ignore
    arg [-lgcc_s] ==> lib [gcc_s]
    arg [--no-as-needed] ==> ignore
    arg [-lc] ==> lib [c]
    arg [-lgcc] ==> lib [gcc]
    arg [--as-needed] ==> ignore
    arg [-lgcc_s] ==> lib [gcc_s]
    arg [--no-as-needed] ==> ignore
    arg [/bin/../lib64/gcc/x86_64-pc-linux-gnu/12.2.0/crtendS.o] ==> obj [/bin/../lib64/gcc/x86_64-pc-linux-gnu/12.2.0/crtendS.o]
    arg [/bin/../lib64/gcc/x86_64-pc-linux-gnu/12.2.0/../../../../lib64/crtn.o] ==> obj [/bin/../lib64/gcc/x86_64-pc-linux-gnu/12.2.0/../../../../lib64/crtn.o]
  collapse obj [/bin/../lib64/gcc/x86_64-pc-linux-gnu/12.2.0/../../../../lib64/Scrt1.o] ==> [/lib64/Scrt1.o]
  collapse obj [/bin/../lib64/gcc/x86_64-pc-linux-gnu/12.2.0/../../../../lib64/crti.o] ==> [/lib64/crti.o]
  collapse obj [/bin/../lib64/gcc/x86_64-pc-linux-gnu/12.2.0/crtbeginS.o] ==> [/lib64/gcc/x86_64-pc-linux-gnu/12.2.0/crtbeginS.o]
  collapse obj [/bin/../lib64/gcc/x86_64-pc-linux-gnu/12.2.0/crtendS.o] ==> [/lib64/gcc/x86_64-pc-linux-gnu/12.2.0/crtendS.o]
  collapse obj [/bin/../lib64/gcc/x86_64-pc-linux-gnu/12.2.0/../../../../lib64/crtn.o] ==> [/lib64/crtn.o]
  collapse library dir [/bin/../lib64/gcc/x86_64-pc-linux-gnu/12.2.0] ==> [/lib64/gcc/x86_64-pc-linux-gnu/12.2.0]
  collapse library dir [/bin/../lib64/gcc/x86_64-pc-linux-gnu/12.2.0/../../../../lib64] ==> [/lib64]
  collapse library dir [/lib/../lib64] ==> [/lib64]
  collapse library dir [/usr/lib/../lib64] ==> [/usr/lib64]
  collapse library dir [/lib] ==> [/lib]
  collapse library dir [/usr/lib] ==> [/usr/lib]
  implicit libs: [gcc;gcc_s;c;gcc;gcc_s]
  implicit objs: [/lib64/Scrt1.o;/lib64/crti.o;/lib64/gcc/x86_64-pc-linux-gnu/12.2.0/crtbeginS.o;/lib64/gcc/x86_64-pc-linux-gnu/12.2.0/crtendS.o;/lib64/crtn.o]
  implicit dirs: [/lib64/gcc/x86_64-pc-linux-gnu/12.2.0;/lib64;/usr/lib64;/lib;/usr/lib]
  implicit fwks: []


Detecting CXX compiler ABI info compiled with the following output:
Change Dir: /home/eriksson/code/minivan/build/CMakeFiles/CMakeTmp

Run Build Command(s):/usr/bin/make -f Makefile cmTC_7a69b/fast && /usr/bin/make  -f CMakeFiles/cmTC_7a69b.dir/build.make CMakeFiles/cmTC_7a69b.dir/build
make[1]: Entering directory '/home/eriksson/code/minivan/build/CMakeFiles/CMakeTmp'
Building CXX object CMakeFiles/cmTC_7a69b.dir/CMakeCXXCompilerABI.cpp.o
/bin/clang++   -v -MD -MT CMakeFiles/cmTC_7a69b.dir/CMakeCXXCompilerABI.cpp.o -MF CMakeFiles/cmTC_7a69b.dir/CMakeCXXCompilerABI.cpp.o.d -o CMakeFiles/cmTC_7a69b.dir/CMakeCXXCompilerABI.cpp.o -c /usr/share/cmake/Modules/CMakeCXXCompilerABI.cpp
clang version 14.0.6
Target: x86_64-pc-linux-gnu
Thread model: posix
InstalledDir: /bin
Found candidate GCC installation: /bin/../lib/gcc/x86_64-pc-linux-gnu/12.2.0
Found candidate GCC installation: /bin/../lib64/gcc/x86_64-pc-linux-gnu/12.2.0
Selected GCC installation: /bin/../lib64/gcc/x86_64-pc-linux-gnu/12.2.0
Candidate multilib: .;@m64
Candidate multilib: 32;@m32
Selected multilib: .;@m64
 (in-process)
 "/usr/bin/clang-14" -cc1 -triple x86_64-pc-linux-gnu -emit-obj -mrelax-all --mrelax-relocations -disable-free -clear-ast-before-backend -disable-llvm-verifier -discard-value-names -main-file-name CMakeCXXCompilerABI.cpp -mrelocation-model pic -pic-level 2 -pic-is-pie -mframe-pointer=all -fmath-errno -ffp-contract=on -fno-rounding-math -mconstructor-aliases -funwind-tables=2 -target-cpu x86-64 -tune-cpu generic -mllvm -treat-scalable-fixed-error-as-warning -debugger-tuning=gdb -v -fcoverage-compilation-dir=/home/eriksson/code/minivan/build/CMakeFiles/CMakeTmp -resource-dir /usr/lib/clang/14.0.6 -dependency-file CMakeFiles/cmTC_7a69b.dir/CMakeCXXCompilerABI.cpp.o.d -MT CMakeFiles/cmTC_7a69b.dir/CMakeCXXCompilerABI.cpp.o -sys-header-deps -internal-isystem /bin/../lib64/gcc/x86_64-pc-linux-gnu/12.2.0/../../../../include/c++/12.2.0 -internal-isystem /bin/../lib64/gcc/x86_64-pc-linux-gnu/12.2.0/../../../../include/c++/12.2.0/x86_64-pc-linux-gnu -internal-isystem /bin/../lib64/gcc/x86_64-pc-linux-gnu/12.2.0/../../../../include/c++/12.2.0/backward -internal-isystem /usr/lib/clang/14.0.6/include -internal-isystem /usr/local/include -internal-isystem /bin/../lib64/gcc/x86_64-pc-linux-gnu/12.2.0/../../../../x86_64-pc-linux-gnu/include -internal-externc-isystem /include -internal-externc-isystem /usr/include -fdeprecated-macro -fdebug-compilation-dir=/home/eriksson/code/minivan/build/CMakeFiles/CMakeTmp -ferror-limit 19 -stack-protector 2 -fgnuc-version=4.2.1 -fcxx-exceptions -fexceptions -faddrsig -D__GCC_HAVE_DWARF2_CFI_ASM=1 -o CMakeFiles/cmTC_7a69b.dir/CMakeCXXCompilerABI.cpp.o -x c++ /usr/share/cmake/Modules/CMakeCXXCompilerABI.cpp
clang -cc1 version 14.0.6 based upon LLVM 14.0.6 default target x86_64-pc-linux-gnu
ignoring nonexistent directory "/bin/../lib64/gcc/x86_64-pc-linux-gnu/12.2.0/../../../../x86_64-pc-linux-gnu/include"
ignoring nonexistent directory "/include"
#include "..." search starts here:
#include <...> search starts here:
 /bin/../lib64/gcc/x86_64-pc-linux-gnu/12.2.0/../../../../include/c++/12.2.0
 /bin/../lib64/gcc/x86_64-pc-linux-gnu/12.2.0/../../../../include/c++/12.2.0/x86_64-pc-linux-gnu
 /bin/../lib64/gcc/x86_64-pc-linux-gnu/12.2.0/../../../../include/c++/12.2.0/backward
 /usr/lib/clang/14.0.6/include
 /usr/local/include
 /usr/include
End of search list.
Linking CXX executable cmTC_7a69b
/usr/bin/cmake -E cmake_link_script CMakeFiles/cmTC_7a69b.dir/link.txt --verbose=1
/bin/clang++  -v -rdynamic CMakeFiles/cmTC_7a69b.dir/CMakeCXXCompilerABI.cpp.o -o cmTC_7a69b 
clang version 14.0.6
Target: x86_64-pc-linux-gnu
Thread model: posix
InstalledDir: /bin
Found candidate GCC installation: /bin/../lib/gcc/x86_64-pc-linux-gnu/12.2.0
Found candidate GCC installation: /bin/../lib64/gcc/x86_64-pc-linux-gnu/12.2.0
Selected GCC installation: /bin/../lib64/gcc/x86_64-pc-linux-gnu/12.2.0
Candidate multilib: .;@m64
Candidate multilib: 32;@m32
Selected multilib: .;@m64
 "/bin/ld" -pie -export-dynamic --build-id --eh-frame-hdr -m elf_x86_64 -export-dynamic -dynamic-linker /lib64/ld-linux-x86-64.so.2 -o cmTC_7a69b /bin/../lib64/gcc/x86_64-pc-linux-gnu/12.2.0/../../../../lib64/Scrt1.o /bin/../lib64/gcc/x86_64-pc-linux-gnu/12.2.0/../../../../lib64/crti.o /bin/../lib64/gcc/x86_64-pc-linux-gnu/12.2.0/crtbeginS.o -L/bin/../lib64/gcc/x86_64-pc-linux-gnu/12.2.0 -L/bin/../lib64/gcc/x86_64-pc-linux-gnu/12.2.0/../../../../lib64 -L/lib/../lib64 -L/usr/lib/../lib64 -L/lib -L/usr/lib CMakeFiles/cmTC_7a69b.dir/CMakeCXXCompilerABI.cpp.o -lstdc++ -lm -lgcc_s -lgcc -lc -lgcc_s -lgcc /bin/../lib64/gcc/x86_64-pc-linux-gnu/12.2.0/crtendS.o /bin/../lib64/gcc/x86_64-pc-linux-gnu/12.2.0/../../../../lib64/crtn.o
make[1]: Leaving directory '/home/eriksson/code/minivan/build/CMakeFiles/CMakeTmp'



Parsed CXX implicit include dir info from above output: rv=done
  found start of include info
  found start of implicit include info
    add: [/bin/../lib64/gcc/x86_64-pc-linux-gnu/12.2.0/../../../../include/c++/12.2.0]
    add: [/bin/../lib64/gcc/x86_64-pc-linux-gnu/12.2.0/../../../../include/c++/12.2.0/x86_64-pc-linux-gnu]
    add: [/bin/../lib64/gcc/x86_64-pc-linux-gnu/12.2.0/../../../../include/c++/12.2.0/backward]
    add: [/usr/lib/clang/14.0.6/include]
    add: [/usr/local/include]
    add: [/usr/include]
  end of search list found
  collapse include dir [/bin/../lib64/gcc/x86_64-pc-linux-gnu/12.2.0/../../../../include/c++/12.2.0] ==> [/include/c++/12.2.0]
  collapse include dir [/bin/../lib64/gcc/x86_64-pc-linux-gnu/12.2.0/../../../../include/c++/12.2.0/x86_64-pc-linux-gnu] ==> [/include/c++/12.2.0/x86_64-pc-linux-gnu]
  collapse include dir [/bin/../lib64/gcc/x86_64-pc-linux-gnu/12.2.0/../../../../include/c++/12.2.0/backward] ==> [/include/c++/12.2.0/backward]
  collapse include dir [/usr/lib/clang/14.0.6/include] ==> [/usr/lib/clang/14.0.6/include]
  collapse include dir [/usr/local/include] ==> [/usr/local/include]
  collapse include dir [/usr/include] ==> [/usr/include]
  implicit include dirs: [/include/c++/12.2.0;/include/c++/12.2.0/x86_64-pc-linux-gnu;/include/c++/12.2.0/backward;/usr/lib/clang/14.0.6/include;/usr/local/include;/usr/include]


Parsed CXX implicit link information from above output:
  link line regex: [^( *|.*[/\])(ld|CMAKE_LINK_STARTFILE-NOTFOUND|([^/\]+-)?ld|collect2)[^/\]*( |$)]
  ignore line: [Change Dir: /home/eriksson/code/minivan/build/CMakeFiles/CMakeTmp]
  ignore line: []
  ignore line: [Run Build Command(s):/usr/bin/make -f Makefile cmTC_7a69b/fast && /usr/bin/make  -f CMakeFiles/cmTC_7a69b.dir/build.make CMakeFiles/cmTC_7a69b.dir/build]
  ignore line: [make[1]: Entering directory '/home/eriksson/code/minivan/build/CMakeFiles/CMakeTmp']
  ignore line: [Building CXX object CMakeFiles/cmTC_7a69b.dir/CMakeCXXCompilerABI.cpp.o]
  ignore line: [/bin/clang++   -v -MD -MT CMakeFiles/cmTC_7a69b.dir/CMakeCXXCompilerABI.cpp.o -MF CMakeFiles/cmTC_7a69b.dir/CMakeCXXCompilerABI.cpp.o.d -o CMakeFiles/cmTC_7a69b.dir/CMakeCXXCompilerABI.cpp.o -c /usr/share/cmake/Modules/CMakeCXXCompilerABI.cpp]
  ignore line: [clang version 14.0.6]
  ignore line: [Target: x86_64-pc-linux-gnu]
  ignore line: [Thread model: posix]
  ignore line: [InstalledDir: /bin]
  ignore line: [Found candidate GCC installation: /bin/../lib/gcc/x86_64-pc-linux-gnu/12.2.0]
  ignore line: [Found candidate GCC installation: /bin/../lib64/gcc/x86_64-pc-linux-gnu/12.2.0]
  ignore line: [Selected GCC installation: /bin/../lib64/gcc/x86_64-pc-linux-gnu/12.2.0]
  ignore line: [Candidate multilib: .]
  ignore line: [@m64]
  ignore line: [Candidate multilib: 32]
  ignore line: [@m32]
  ignore line: [Selected multilib: .]
  ignore line: [@m64]
  ignore line: [ (in-process)]
  ignore line: [ "/usr/bin/clang-14" -cc1 -triple x86_64-pc-linux-gnu -emit-obj -mrelax-all --mrelax-relocations -disable-free -clear-ast-before-backend -disable-llvm-verifier -discard-value-names -main-file-name CMakeCXXCompilerABI.cpp -mrelocation-model pic -pic-level 2 -pic-is-pie -mframe-pointer=all -fmath-errno -ffp-contract=on -fno-rounding-math -mconstructor-aliases -funwind-tables=2 -target-cpu x86-64 -tune-cpu generic -mllvm -treat-scalable-fixed-error-as-warning -debugger-tuning=gdb -v -fcoverage-compilation-dir=/home/eriksson/code/minivan/build/CMakeFiles/CMakeTmp -resource-dir /usr/lib/clang/14.0.6 -dependency-file CMakeFiles/cmTC_7a69b.dir/CMakeCXXCompilerABI.cpp.o.d -MT CMakeFiles/cmTC_7a69b.dir/CMakeCXXCompilerABI.cpp.o -sys-header-deps -internal-isystem /bin/../lib64/gcc/x86_64-pc-linux-gnu/12.2.0/../../../../include/c++/12.2.0 -internal-isystem /bin/../lib64/gcc/x86_64-pc-linux-gnu/12.2.0/../../../../include/c++/12.2.0/x86_64-pc-linux-gnu -internal-isystem /bin/../lib64/gcc/x86_64-pc-linux-gnu/12.2.0/../../../../include/c++/12.2.0/backward -internal-isystem /usr/lib/clang/14.0.6/include -internal-isystem /usr/local/include -internal-isystem /bin/../lib64/gcc/x86_64-pc-linux-gnu/12.2.0/../../../../x86_64-pc-linux-gnu/include -internal-externc-isystem /include -internal-externc-isystem /usr/include -fdeprecated-macro -fdebug-compilation-dir=/home/eriksson/code/minivan/build/CMakeFiles/CMakeTmp -ferror-limit 19 -stack-protector 2 -fgnuc-version=4.2.1 -fcxx-exceptions -fexceptions -faddrsig -D__GCC_HAVE_DWARF2_CFI_ASM=1 -o CMakeFiles/cmTC_7a69b.dir/CMakeCXXCompilerABI.cpp.o -x c++ /usr/share/cmake/Modules/CMakeCXXCompilerABI.cpp]
  ignore line: [clang -cc1 version 14.0.6 based upon LLVM 14.0.6 default target x86_64-pc-linux-gnu]
  ignore line: [ignoring nonexistent directory "/bin/../lib64/gcc/x86_64-pc-linux-gnu/12.2.0/../../../../x86_64-pc-linux-gnu/include"]
  ignore line: [ignoring nonexistent directory "/include"]
  ignore line: [#include "..." search starts here:]
  ignore line: [#include <...> search starts here:]
  ignore line: [ /bin/../lib64/gcc/x86_64-pc-linux-gnu/12.2.0/../../../../include/c++/12.2.0]
  ignore line: [ /bin/../lib64/gcc/x86_64-pc-linux-gnu/12.2.0/../../../../include/c++/12.2.0/x86_64-pc-linux-gnu]
  ignore line: [ /bin/../lib64/gcc/x86_64-pc-linux-gnu/12.2.0/../../../../include/c++/12.2.0/backward]
  ignore line: [ /usr/lib/clang/14.0.6/include]
  ignore line: [ /usr/local/include]
  ignore line: [ /usr/include]
  ignore line: [End of search list.]
  ignore line: [Linking CXX executable cmTC_7a69b]
  ignore line: [/usr/bin/cmake -E cmake_link_script CMakeFiles/cmTC_7a69b.dir/link.txt --verbose=1]
  ignore line: [/bin/clang++  -v -rdynamic CMakeFiles/cmTC_7a69b.dir/CMakeCXXCompilerABI.cpp.o -o cmTC_7a69b ]
  ignore line: [clang version 14.0.6]
  ignore line: [Target: x86_64-pc-linux-gnu]
  ignore line: [Thread model: posix]
  ignore line: [InstalledDir: /bin]
  ignore line: [Found candidate GCC installation: /bin/../lib/gcc/x86_64-pc-linux-gnu/12.2.0]
  ignore line: [Found candidate GCC installation: /bin/../lib64/gcc/x86_64-pc-linux-gnu/12.2.0]
  ignore line: [Selected GCC installation: /bin/../lib64/gcc/x86_64-pc-linux-gnu/12.2.0]
  ignore line: [Candidate multilib: .]
  ignore line: [@m64]
  ignore line: [Candidate multilib: 32]
  ignore line: [@m32]
  ignore line: [Selected multilib: .]
  ignore line: [@m64]
  link line: [ "/bin/ld" -pie -export-dynamic --build-id --eh-frame-hdr -m elf_x86_64 -export-dynamic -dynamic-linker /lib64/ld-linux-x86-64.so.2 -o cmTC_7a69b /bin/../lib64/gcc/x86_64-pc-linux-gnu/12.2.0/../../../../lib64/Scrt1.o /bin/../lib64/gcc/x86_64-pc-linux-gnu/12.2.0/../../../../lib64/crti.o /bin/../lib64/gcc/x86_64-pc-linux-gnu/12.2.0/crtbeginS.o -L/bin/../lib64/gcc/x86_64-pc-linux-gnu/12.2.0 -L/bin/../lib64/gcc/x86_64-pc-linux-gnu/12.2.0/../../../../lib64 -L/lib/../lib64 -L/usr/lib/../lib64 -L/lib -L/usr/lib CMakeFiles/cmTC_7a69b.dir/CMakeCXXCompilerABI.cpp.o -lstdc++ -lm -lgcc_s -lgcc -lc -lgcc_s -lgcc /bin/../lib64/gcc/x86_64-pc-linux-gnu/12.2.0/crtendS.o /bin/../lib64/gcc/x86_64-pc-linux-gnu/12.2.0/../../../../lib64/crtn.o]
    arg [/bin/ld] ==> ignore
    arg [-pie] ==> ignore
    arg [-export-dynamic] ==> ignore
    arg [--build-id] ==> ignore
    arg [--eh-frame-hdr] ==> ignore
    arg [-m] ==> ignore
    arg [elf_x86_64] ==> ignore
    arg [-export-dynamic] ==> ignore
    arg [-dynamic-linker] ==> ignore
    arg [/lib64/ld-linux-x86-64.so.2] ==> ignore
    arg [-o] ==> ignore
    arg [cmTC_7a69b] ==> ignore
    arg [/bin/../lib64/gcc/x86_64-pc-linux-gnu/12.2.0/../../../../lib64/Scrt1.o] ==> obj [/bin/../lib64/gcc/x86_64-pc-linux-gnu/12.2.0/../../../../lib64/Scrt1.o]
    arg [/bin/../lib64/gcc/x86_64-pc-linux-gnu/12.2.0/../../../../lib64/crti.o] ==> obj [/bin/../lib64/gcc/x86_64-pc-linux-gnu/12.2.0/../../../../lib64/crti.o]
    arg [/bin/../lib64/gcc/x86_64-pc-linux-gnu/12.2.0/crtbeginS.o] ==> obj [/bin/../lib64/gcc/x86_64-pc-linux-gnu/12.2.0/crtbeginS.o]
    arg [-L/bin/../lib64/gcc/x86_64-pc-linux-gnu/12.2.0] ==> dir [/bin/../lib64/gcc/x86_64-pc-linux-gnu/12.2.0]
    arg [-L/bin/../lib64/gcc/x86_64-pc-linux-gnu/12.2.0/../../../../lib64] ==> dir [/bin/../lib64/gcc/x86_64-pc-linux-gnu/12.2.0/../../../../lib64]
    arg [-L/lib/../lib64] ==> dir [/lib/../lib64]
    arg [-L/usr/lib/../lib64] ==> dir [/usr/lib/../lib64]
    arg [-L/lib] ==> dir [/lib]
    arg [-L/usr/lib] ==> dir [/usr/lib]
    arg [CMakeFiles/cmTC_7a69b.dir/CMakeCXXCompilerABI.cpp.o] ==> ignore
    arg [-lstdc++] ==> lib [stdc++]
    arg [-lm] ==> lib [m]
    arg [-lgcc_s] ==> lib [gcc_s]
    arg [-lgcc] ==> lib [gcc]
    arg [-lc] ==> lib [c]
    arg [-lgcc_s] ==> lib [gcc_s]
    arg [-lgcc] ==> lib [gcc]
    arg [/bin/../lib64/gcc/x86_64-pc-linux-gnu/12.2.0/crtendS.o] ==> obj [/bin/../lib64/gcc/x86_64-pc-linux-gnu/12.2.0/crtendS.o]
    arg [/bin/../lib64/gcc/x86_64-pc-linux-gnu/12.2.0/../../../../lib64/crtn.o] ==> obj [/bin/../lib64/gcc/x86_64-pc-linux-gnu/12.2.0/../../../../lib64/crtn.o]
  collapse obj [/bin/../lib64/gcc/x86_64-pc-linux-gnu/12.2.0/../../../../lib64/Scrt1.o] ==> [/lib64/Scrt1.o]
  collapse obj [/bin/../lib64/gcc/x86_64-pc-linux-gnu/12.2.0/../../../../lib64/crti.o] ==> [/lib64/crti.o]
  collapse obj [/bin/../lib64/gcc/x86_64-pc-linux-gnu/12.2.0/crtbeginS.o] ==> [/lib64/gcc/x86_64-pc-linux-gnu/12.2.0/crtbeginS.o]
  collapse obj [/bin/../lib64/gcc/x86_64-pc-linux-gnu/12.2.0/crtendS.o] ==> [/lib64/gcc/x86_64-pc-linux-gnu/12.2.0/crtendS.o]
  collapse obj [/bin/../lib64/gcc/x86_64-pc-linux-gnu/12.2.0/../../../../lib64/crtn.o] ==> [/lib64/crtn.o]
  collapse library dir [/bin/../lib64/gcc/x86_64-pc-linux-gnu/12.2.0] ==> [/lib64/gcc/x86_64-pc-linux-gnu/12.2.0]
  collapse library dir [/bin/../lib64/gcc/x86_64-pc-linux-gnu/12.2.0/../../../../lib64] ==> [/lib64]
  collapse library dir [/lib/../lib64] ==> [/lib64]
  collapse library dir [/usr/lib/../lib64] ==> [/usr/lib64]
  collapse library dir [/lib] ==> [/lib]
  collapse library dir [/usr/lib] ==> [/usr/lib]
  implicit libs: [stdc++;m;gcc_s;gcc;c;gcc_s;gcc]
  implicit objs: [/lib64/Scrt1.o;/lib64/crti.o;/lib64/gcc/x86_64-pc-linux-gnu/12.2.0/crtbeginS.o;/lib64/gcc/x86_64-pc-linux-gnu/12.2.0/crtendS.o;/lib64/crtn.o]
  implicit dirs: [/lib64/gcc/x86_64-pc-linux-gnu/12.2.0;/lib64;/usr/lib64;/lib;/usr/lib]
  implicit fwks: []


Performing C SOURCE FILE Test CMAKE_HAVE_LIBC_PTHREAD succeeded with the following output:
Change Dir: /home/eriksson/code/minivan/build/CMakeFiles/CMakeTmp

Run Build Command(s):/usr/bin/make -f Makefile cmTC_d08ff/fast && /usr/bin/make  -f CMakeFiles/cmTC_d08ff.dir/build.make CMakeFiles/cmTC_d08ff.dir/build
make[1]: вход в каталог «/home/eriksson/code/minivan/build/CMakeFiles/CMakeTmp»
Building C object CMakeFiles/cmTC_d08ff.dir/src.c.o
/bin/clang -DCMAKE_HAVE_LIBC_PTHREAD   -MD -MT CMakeFiles/cmTC_d08ff.dir/src.c.o -MF CMakeFiles/cmTC_d08ff.dir/src.c.o.d -o CMakeFiles/cmTC_d08ff.dir/src.c.o -c /home/eriksson/code/minivan/build/CMakeFiles/CMakeTmp/src.c
Linking C executable cmTC_d08ff
/usr/bin/cmake -E cmake_link_script CMakeFiles/cmTC_d08ff.dir/link.txt --verbose=1
/bin/clang CMakeFiles/cmTC_d08ff.dir/src.c.o -o cmTC_d08ff 
make[1]: выход из каталога «/home/eriksson/code/minivan/build/CMakeFiles/CMakeTmp»


Source file was:
#include <pthread.h>

static void* test_func(void* data)
{
  return data;
}

int main(void)
{
  pthread_t thread;
  pthread_create(&thread, NULL, test_func, NULL);
  pthread_detach(thread);
  pthread_cancel(thread);
  pthread_join(thread, NULL);
  pthread_atfork(NULL, NULL, NULL);
  pthread_exit(NULL);

  return 0;
}

Determining if the function XOpenDisplay exists in the /usr/lib/libX11.so;/usr/lib/libXext.so passed with the following output:
Change Dir: /home/eriksson/code/minivan/build/CMakeFiles/CMakeTmp

Run Build Command(s):/usr/bin/make -f Makefile cmTC_9698c/fast && /usr/bin/make  -f CMakeFiles/cmTC_9698c.dir/build.make CMakeFiles/cmTC_9698c.dir/build
make[1]: вход в каталог «/home/eriksson/code/minivan/build/CMakeFiles/CMakeTmp»
Building C object CMakeFiles/cmTC_9698c.dir/CheckFunctionExists.c.o
/bin/clang   -DCHECK_FUNCTION_EXISTS=XOpenDisplay -MD -MT CMakeFiles/cmTC_9698c.dir/CheckFunctionExists.c.o -MF CMakeFiles/cmTC_9698c.dir/CheckFunctionExists.c.o.d -o CMakeFiles/cmTC_9698c.dir/CheckFunctionExists.c.o -c /usr/share/cmake/Modules/CheckFunctionExists.c
Linking C executable cmTC_9698c
/usr/bin/cmake -E cmake_link_script CMakeFiles/cmTC_9698c.dir/link.txt --verbose=1
/bin/clang  -DCHECK_FUNCTION_EXISTS=XOpenDisplay CMakeFiles/cmTC_9698c.dir/CheckFunctionExists.c.o -o cmTC_9698c  /usr/lib/libX11.so /usr/lib/libXext.so 
make[1]: выход из каталога «/home/eriksson/code/minivan/build/CMakeFiles/CMakeTmp»



Determining if the function gethostbyname exists passed with the following output:
Change Dir: /home/eriksson/code/minivan/build/CMakeFiles/CMakeTmp

Run Build Command(s):/usr/bin/make -f Makefile cmTC_9ca2c/fast && /usr/bin/make  -f CMakeFiles/cmTC_9ca2c.dir/build.make CMakeFiles/cmTC_9ca2c.dir/build
make[1]: вход в каталог «/home/eriksson/code/minivan/build/CMakeFiles/CMakeTmp»
Building C object CMakeFiles/cmTC_9ca2c.dir/CheckFunctionExists.c.o
/bin/clang   -DCHECK_FUNCTION_EXISTS=gethostbyname -MD -MT CMakeFiles/cmTC_9ca2c.dir/CheckFunctionExists.c.o -MF CMakeFiles/cmTC_9ca2c.dir/CheckFunctionExists.c.o.d -o CMakeFiles/cmTC_9ca2c.dir/CheckFunctionExists.c.o -c /usr/share/cmake/Modules/CheckFunctionExists.c
Linking C executable cmTC_9ca2c
/usr/bin/cmake -E cmake_link_script CMakeFiles/cmTC_9ca2c.dir/link.txt --verbose=1
/bin/clang  -DCHECK_FUNCTION_EXISTS=gethostbyname CMakeFiles/cmTC_9ca2c.dir/CheckFunctionExists.c.o -o cmTC_9ca2c 
make[1]: выход из каталога «/home/eriksson/code/minivan/build/CMakeFiles/CMakeTmp»



Determining if the function connect exists passed with the following output:
Change Dir: /home/eriksson/code/minivan/build/CMakeFiles/CMakeTmp

Run Build Command(s):/usr/bin/make -f Makefile cmTC_36209/fast && /usr/bin/make  -f CMakeFiles/cmTC_36209.dir/build.make CMakeFiles/cmTC_36209.dir/build
make[1]: вход в каталог «/home/eriksson/code/minivan/build/CMakeFiles/CMakeTmp»
Building C object CMakeFiles/cmTC_36209.dir/CheckFunctionExists.c.o
/bin/clang   -DCHECK_FUNCTION_EXISTS=connect -MD -MT CMakeFiles/cmTC_36209.dir/CheckFunctionExists.c.o -MF CMakeFiles/cmTC_36209.dir/CheckFunctionExists.c.o.d -o CMakeFiles/cmTC_36209.dir/CheckFunctionExists.c.o -c /usr/share/cmake/Modules/CheckFunctionExists.c
Linking C executable cmTC_36209
/usr/bin/cmake -E cmake_link_script CMakeFiles/cmTC_36209.dir/link.txt --verbose=1
/bin/clang  -DCHECK_FUNCTION_EXISTS=connect CMakeFiles/cmTC_36209.dir/CheckFunctionExists.c.o -o cmTC_36209 
make[1]: выход из каталога «/home/eriksson/code/minivan/build/CMakeFiles/CMakeTmp»



Determining if the function remove exists passed with the following output:
Change Dir: /home/eriksson/code/minivan/build/CMakeFiles/CMakeTmp

Run Build Command(s):/usr/bin/make -f Makefile cmTC_84577/fast && /usr/bin/make  -f CMakeFiles/cmTC_84577.dir/build.make CMakeFiles/cmTC_84577.dir/build
make[1]: вход в каталог «/home/eriksson/code/minivan/build/CMakeFiles/CMakeTmp»
Building C object CMakeFiles/cmTC_84577.dir/CheckFunctionExists.c.o
/bin/clang   -DCHECK_FUNCTION_EXISTS=remove -MD -MT CMakeFiles/cmTC_84577.dir/CheckFunctionExists.c.o -MF CMakeFiles/cmTC_84577.dir/CheckFunctionExists.c.o.d -o CMakeFiles/cmTC_84577.dir/CheckFunctionExists.c.o -c /usr/share/cmake/Modules/CheckFunctionExists.c
Linking C executable cmTC_84577
/usr/bin/cmake -E cmake_link_script CMakeFiles/cmTC_84577.dir/link.txt --verbose=1
/bin/clang  -DCHECK_FUNCTION_EXISTS=remove CMakeFiles/cmTC_84577.dir/CheckFunctionExists.c.o -o cmTC_84577 
make[1]: выход из каталога «/home/eriksson/code/minivan/build/CMakeFiles/CMakeTmp»



Determining if the function shmat exists passed with the following output:
Change Dir: /home/eriksson/code/minivan/build/CMakeFiles/CMakeTmp

Run Build Command(s):/usr/bin/make -f Makefile cmTC_cda22/fast && /usr/bin/make  -f CMakeFiles/cmTC_cda22.dir/build.make CMakeFiles/cmTC_cda22.dir/build
make[1]: вход в каталог «/home/eriksson/code/minivan/build/CMakeFiles/CMakeTmp»
Building C object CMakeFiles/cmTC_cda22.dir/CheckFunctionExists.c.o
/bin/clang   -DCHECK_FUNCTION_EXISTS=shmat -MD -MT CMakeFiles/cmTC_cda22.dir/CheckFunctionExists.c.o -MF CMakeFiles/cmTC_cda22.dir/CheckFunctionExists.c.o.d -o CMakeFiles/cmTC_cda22.dir/CheckFunctionExists.c.o -c /usr/share/cmake/Modules/CheckFunctionExists.c
Linking C executable cmTC_cda22
/usr/bin/cmake -E cmake_link_script CMakeFiles/cmTC_cda22.dir/link.txt --verbose=1
/bin/clang  -DCHECK_FUNCTION_EXISTS=shmat CMakeFiles/cmTC_cda22.dir/CheckFunctionExists.c.o -o cmTC_cda22 
make[1]: выход из каталога «/home/eriksson/code/minivan/build/CMakeFiles/CMakeTmp»



Determining if the function IceConnectionNumber exists in the ICE passed with the following output:
Change Dir: /home/eriksson/code/minivan/build/CMakeFiles/CMakeTmp

Run Build Command(s):/usr/bin/make -f Makefile cmTC_7dccf/fast && /usr/bin/make  -f CMakeFiles/cmTC_7dccf.dir/build.make CMakeFiles/cmTC_7dccf.dir/build
make[1]: вход в каталог «/home/eriksson/code/minivan/build/CMakeFiles/CMakeTmp»
Building C object CMakeFiles/cmTC_7dccf.dir/CheckFunctionExists.c.o
/bin/clang   -DCHECK_FUNCTION_EXISTS=IceConnectionNumber -MD -MT CMakeFiles/cmTC_7dccf.dir/CheckFunctionExists.c.o -MF CMakeFiles/cmTC_7dccf.dir/CheckFunctionExists.c.o.d -o CMakeFiles/cmTC_7dccf.dir/CheckFunctionExists.c.o -c /usr/share/cmake/Modules/CheckFunctionExists.c
Linking C executable cmTC_7dccf
/usr/bin/cmake -E cmake_link_script CMakeFiles/cmTC_7dccf.dir/link.txt --verbose=1
/bin/clang  -DCHECK_FUNCTION_EXISTS=IceConnectionNumber CMakeFiles/cmTC_7dccf.dir/CheckFunctionExists.c.o -o cmTC_7dccf  -lICE 
make[1]: выход из каталога «/home/eriksson/code/minivan/build/CMakeFiles/CMakeTmp»



The system is: Linux - 6.0.8-arch1-1 - x86_64
Compiling the C compiler identification source file "CMakeCCompilerId.c" succeeded.
Compiler: /bin/clang 
Build flags: 
Id flags:  

The output was:
0


Compilation of the C compiler identification source "CMakeCCompilerId.c" produced "a.out"

The C compiler identification is Clang, found in "/home/eriksson/code/minivan/build/CMakeFiles/3.25.0/CompilerIdC/a.out"

Compiling the CXX compiler identification source file "CMakeCXXCompilerId.cpp" succeeded.
Compiler: /bin/clang++ 
Build flags: 
Id flags:  

The output was:
0


Compilation of the CXX compiler identification source "CMakeCXXCompilerId.cpp" produced "a.out"

The CXX compiler identification is Clang, found in "/home/eriksson/code/minivan/build/CMakeFiles/3.25.0/CompilerIdCXX/a.out"

Detecting C compiler ABI info compiled with the following output:
Change Dir: /home/eriksson/code/minivan/build/CMakeFiles/CMakeScratch/TryCompile-6KDdrN

Run Build Command(s):/usr/bin/make -f Makefile cmTC_bf897/fast && /usr/bin/make  -f CMakeFiles/cmTC_bf897.dir/build.make CMakeFiles/cmTC_bf897.dir/build
make[1]: Entering directory '/home/eriksson/code/minivan/build/CMakeFiles/CMakeScratch/TryCompile-6KDdrN'
Building C object CMakeFiles/cmTC_bf897.dir/CMakeCCompilerABI.c.o
/bin/clang   -v -MD -MT CMakeFiles/cmTC_bf897.dir/CMakeCCompilerABI.c.o -MF CMakeFiles/cmTC_bf897.dir/CMakeCCompilerABI.c.o.d -o CMakeFiles/cmTC_bf897.dir/CMakeCCompilerABI.c.o -c /usr/share/cmake/Modules/CMakeCCompilerABI.c
clang version 14.0.6
Target: x86_64-pc-linux-gnu
Thread model: posix
InstalledDir: /bin
Found candidate GCC installation: /bin/../lib/gcc/x86_64-pc-linux-gnu/12.2.0
Found candidate GCC installation: /bin/../lib64/gcc/x86_64-pc-linux-gnu/12.2.0
Selected GCC installation: /bin/../lib64/gcc/x86_64-pc-linux-gnu/12.2.0
Candidate multilib: .;@m64
Candidate multilib: 32;@m32
Selected multilib: .;@m64
 (in-process)
 "/usr/bin/clang-14" -cc1 -triple x86_64-pc-linux-gnu -emit-obj -mrelax-all --mrelax-relocations -disable-free -clear-ast-before-backend -disable-llvm-verifier -discard-value-names -main-file-name CMakeCCompilerABI.c -mrelocation-model pic -pic-level 2 -pic-is-pie -mframe-pointer=all -fmath-errno -ffp-contract=on -fno-rounding-math -mconstructor-aliases -funwind-tables=2 -target-cpu x86-64 -tune-cpu generic -mllvm -treat-scalable-fixed-error-as-warning -debugger-tuning=gdb -v -fcoverage-compilation-dir=/home/eriksson/code/minivan/build/CMakeFiles/CMakeScratch/TryCompile-6KDdrN -resource-dir /usr/lib/clang/14.0.6 -dependency-file CMakeFiles/cmTC_bf897.dir/CMakeCCompilerABI.c.o.d -MT CMakeFiles/cmTC_bf897.dir/CMakeCCompilerABI.c.o -sys-header-deps -internal-isystem /usr/lib/clang/14.0.6/include -internal-isystem /usr/local/include -internal-isystem /bin/../lib64/gcc/x86_64-pc-linux-gnu/12.2.0/../../../../x86_64-pc-linux-gnu/include -internal-externc-isystem /include -internal-externc-isystem /usr/include -fdebug-compilation-dir=/home/eriksson/code/minivan/build/CMakeFiles/CMakeScratch/TryCompile-6KDdrN -ferror-limit 19 -stack-protector 2 -fgnuc-version=4.2.1 -faddrsig -D__GCC_HAVE_DWARF2_CFI_ASM=1 -o CMakeFiles/cmTC_bf897.dir/CMakeCCompilerABI.c.o -x c /usr/share/cmake/Modules/CMakeCCompilerABI.c
clang -cc1 version 14.0.6 based upon LLVM 14.0.6 default target x86_64-pc-linux-gnu
ignoring nonexistent directory "/bin/../lib64/gcc/x86_64-pc-linux-gnu/12.2.0/../../../../x86_64-pc-linux-gnu/include"
ignoring nonexistent directory "/include"
#include "..." search starts here:
#include <...> search starts here:
 /usr/lib/clang/14.0.6/include
 /usr/local/include
 /usr/include
End of search list.
Linking C executable cmTC_bf897
/usr/bin/cmake -E cmake_link_script CMakeFiles/cmTC_bf897.dir/link.txt --verbose=1
/bin/clang  -v -rdynamic CMakeFiles/cmTC_bf897.dir/CMakeCCompilerABI.c.o -o cmTC_bf897 
clang version 14.0.6
Target: x86_64-pc-linux-gnu
Thread model: posix
InstalledDir: /bin
Found candidate GCC installation: /bin/../lib/gcc/x86_64-pc-linux-gnu/12.2.0
Found candidate GCC installation: /bin/../lib64/gcc/x86_64-pc-linux-gnu/12.2.0
Selected GCC installation: /bin/../lib64/gcc/x86_64-pc-linux-gnu/12.2.0
Candidate multilib: .;@m64
Candidate multilib: 32;@m32
Selected multilib: .;@m64
 "/bin/ld" -pie -export-dynamic --build-id --eh-frame-hdr -m elf_x86_64 -export-dynamic -dynamic-linker /lib64/ld-linux-x86-64.so.2 -o cmTC_bf897 /bin/../lib64/gcc/x86_64-pc-linux-gnu/12.2.0/../../../../lib64/Scrt1.o /bin/../lib64/gcc/x86_64-pc-linux-gnu/12.2.0/../../../../lib64/crti.o /bin/../lib64/gcc/x86_64-pc-linux-gnu/12.2.0/crtbeginS.o -L/bin/../lib64/gcc/x86_64-pc-linux-gnu/12.2.0 -L/bin/../lib64/gcc/x86_64-pc-linux-gnu/12.2.0/../../../../lib64 -L/lib/../lib64 -L/usr/lib/../lib64 -L/lib -L/usr/lib CMakeFiles/cmTC_bf897.dir/CMakeCCompilerABI.c.o -lgcc --as-needed -lgcc_s --no-as-needed -lc -lgcc --as-needed -lgcc_s --no-as-needed /bin/../lib64/gcc/x86_64-pc-linux-gnu/12.2.0/crtendS.o /bin/../lib64/gcc/x86_64-pc-linux-gnu/12.2.0/../../../../lib64/crtn.o
make[1]: Leaving directory '/home/eriksson/code/minivan/build/CMakeFiles/CMakeScratch/TryCompile-6KDdrN'



Parsed C implicit include dir info from above output: rv=done
  found start of include info
  found start of implicit include info
    add: [/usr/lib/clang/14.0.6/include]
    add: [/usr/local/include]
    add: [/usr/include]
  end of search list found
  collapse include dir [/usr/lib/clang/14.0.6/include] ==> [/usr/lib/clang/14.0.6/include]
  collapse include dir [/usr/local/include] ==> [/usr/local/include]
  collapse include dir [/usr/include] ==> [/usr/include]
  implicit include dirs: [/usr/lib/clang/14.0.6/include;/usr/local/include;/usr/include]


Parsed C implicit link information from above output:
  link line regex: [^( *|.*[/\])(ld|CMAKE_LINK_STARTFILE-NOTFOUND|([^/\]+-)?ld|collect2)[^/\]*( |$)]
  ignore line: [Change Dir: /home/eriksson/code/minivan/build/CMakeFiles/CMakeScratch/TryCompile-6KDdrN]
  ignore line: []
  ignore line: [Run Build Command(s):/usr/bin/make -f Makefile cmTC_bf897/fast && /usr/bin/make  -f CMakeFiles/cmTC_bf897.dir/build.make CMakeFiles/cmTC_bf897.dir/build]
  ignore line: [make[1]: Entering directory '/home/eriksson/code/minivan/build/CMakeFiles/CMakeScratch/TryCompile-6KDdrN']
  ignore line: [Building C object CMakeFiles/cmTC_bf897.dir/CMakeCCompilerABI.c.o]
  ignore line: [/bin/clang   -v -MD -MT CMakeFiles/cmTC_bf897.dir/CMakeCCompilerABI.c.o -MF CMakeFiles/cmTC_bf897.dir/CMakeCCompilerABI.c.o.d -o CMakeFiles/cmTC_bf897.dir/CMakeCCompilerABI.c.o -c /usr/share/cmake/Modules/CMakeCCompilerABI.c]
  ignore line: [clang version 14.0.6]
  ignore line: [Target: x86_64-pc-linux-gnu]
  ignore line: [Thread model: posix]
  ignore line: [InstalledDir: /bin]
  ignore line: [Found candidate GCC installation: /bin/../lib/gcc/x86_64-pc-linux-gnu/12.2.0]
  ignore line: [Found candidate GCC installation: /bin/../lib64/gcc/x86_64-pc-linux-gnu/12.2.0]
  ignore line: [Selected GCC installation: /bin/../lib64/gcc/x86_64-pc-linux-gnu/12.2.0]
  ignore line: [Candidate multilib: .]
  ignore line: [@m64]
  ignore line: [Candidate multilib: 32]
  ignore line: [@m32]
  ignore line: [Selected multilib: .]
  ignore line: [@m64]
  ignore line: [ (in-process)]
  ignore line: [ "/usr/bin/clang-14" -cc1 -triple x86_64-pc-linux-gnu -emit-obj -mrelax-all --mrelax-relocations -disable-free -clear-ast-before-backend -disable-llvm-verifier -discard-value-names -main-file-name CMakeCCompilerABI.c -mrelocation-model pic -pic-level 2 -pic-is-pie -mframe-pointer=all -fmath-errno -ffp-contract=on -fno-rounding-math -mconstructor-aliases -funwind-tables=2 -target-cpu x86-64 -tune-cpu generic -mllvm -treat-scalable-fixed-error-as-warning -debugger-tuning=gdb -v -fcoverage-compilation-dir=/home/eriksson/code/minivan/build/CMakeFiles/CMakeScratch/TryCompile-6KDdrN -resource-dir /usr/lib/clang/14.0.6 -dependency-file CMakeFiles/cmTC_bf897.dir/CMakeCCompilerABI.c.o.d -MT CMakeFiles/cmTC_bf897.dir/CMakeCCompilerABI.c.o -sys-header-deps -internal-isystem /usr/lib/clang/14.0.6/include -internal-isystem /usr/local/include -internal-isystem /bin/../lib64/gcc/x86_64-pc-linux-gnu/12.2.0/../../../../x86_64-pc-linux-gnu/include -internal-externc-isystem /include -internal-externc-isystem /usr/include -fdebug-compilation-dir=/home/eriksson/code/minivan/build/CMakeFiles/CMakeScratch/TryCompile-6KDdrN -ferror-limit 19 -stack-protector 2 -fgnuc-version=4.2.1 -faddrsig -D__GCC_HAVE_DWARF2_CFI_ASM=1 -o CMakeFiles/cmTC_bf897.dir/CMakeCCompilerABI.c.o -x c /usr/share/cmake/Modules/CMakeCCompilerABI.c]
  ignore line: [clang -cc1 version 14.0.6 based upon LLVM 14.0.6 default target x86_64-pc-linux-gnu]
  ignore line: [ignoring nonexistent directory "/bin/../lib64/gcc/x86_64-pc-linux-gnu/12.2.0/../../../../x86_64-pc-linux-gnu/include"]
  ignore line: [ignoring nonexistent directory "/include"]
  ignore line: [#include "..." search starts here:]
  ignore line: [#include <...> search starts here:]
  ignore line: [ /usr/lib/clang/14.0.6/include]
  ignore line: [ /usr/local/include]
  ignore line: [ /usr/include]
  ignore line: [End of search list.]
  ignore line: [Linking C executable cmTC_bf897]
  ignore line: [/usr/bin/cmake -E cmake_link_script CMakeFiles/cmTC_bf897.dir/link.txt --verbose=1]
  ignore line: [/bin/clang  -v -rdynamic CMakeFiles/cmTC_bf897.dir/CMakeCCompilerABI.c.o -o cmTC_bf897 ]
  ignore line: [clang version 14.0.6]
  ignore line: [Target: x86_64-pc-linux-gnu]
  ignore line: [Thread model: posix]
  ignore line: [InstalledDir: /bin]
  ignore line: [Found candidate GCC installation: /bin/../lib/gcc/x86_64-pc-linux-gnu/12.2.0]
  ignore line: [Found candidate GCC installation: /bin/../lib64/gcc/x86_64-pc-linux-gnu/12.2.0]
  ignore line: [Selected GCC installation: /bin/../lib64/gcc/x86_64-pc-linux-gnu/12.2.0]
  ignore line: [Candidate multilib: .]
  ignore line: [@m64]
  ignore line: [Candidate multilib: 32]
  ignore line: [@m32]
  ignore line: [Selected multilib: .]
  ignore line: [@m64]
  link line: [ "/bin/ld" -pie -export-dynamic --build-id --eh-frame-hdr -m elf_x86_64 -export-dynamic -dynamic-linker /lib64/ld-linux-x86-64.so.2 -o cmTC_bf897 /bin/../lib64/gcc/x86_64-pc-linux-gnu/12.2.0/../../../../lib64/Scrt1.o /bin/../lib64/gcc/x86_64-pc-linux-gnu/12.2.0/../../../../lib64/crti.o /bin/../lib64/gcc/x86_64-pc-linux-gnu/12.2.0/crtbeginS.o -L/bin/../lib64/gcc/x86_64-pc-linux-gnu/12.2.0 -L/bin/../lib64/gcc/x86_64-pc-linux-gnu/12.2.0/../../../../lib64 -L/lib/../lib64 -L/usr/lib/../lib64 -L/lib -L/usr/lib CMakeFiles/cmTC_bf897.dir/CMakeCCompilerABI.c.o -lgcc --as-needed -lgcc_s --no-as-needed -lc -lgcc --as-needed -lgcc_s --no-as-needed /bin/../lib64/gcc/x86_64-pc-linux-gnu/12.2.0/crtendS.o /bin/../lib64/gcc/x86_64-pc-linux-gnu/12.2.0/../../../../lib64/crtn.o]
    arg [/bin/ld] ==> ignore
    arg [-pie] ==> ignore
    arg [-export-dynamic] ==> ignore
    arg [--build-id] ==> ignore
    arg [--eh-frame-hdr] ==> ignore
    arg [-m] ==> ignore
    arg [elf_x86_64] ==> ignore
    arg [-export-dynamic] ==> ignore
    arg [-dynamic-linker] ==> ignore
    arg [/lib64/ld-linux-x86-64.so.2] ==> ignore
    arg [-o] ==> ignore
    arg [cmTC_bf897] ==> ignore
    arg [/bin/../lib64/gcc/x86_64-pc-linux-gnu/12.2.0/../../../../lib64/Scrt1.o] ==> obj [/bin/../lib64/gcc/x86_64-pc-linux-gnu/12.2.0/../../../../lib64/Scrt1.o]
    arg [/bin/../lib64/gcc/x86_64-pc-linux-gnu/12.2.0/../../../../lib64/crti.o] ==> obj [/bin/../lib64/gcc/x86_64-pc-linux-gnu/12.2.0/../../../../lib64/crti.o]
    arg [/bin/../lib64/gcc/x86_64-pc-linux-gnu/12.2.0/crtbeginS.o] ==> obj [/bin/../lib64/gcc/x86_64-pc-linux-gnu/12.2.0/crtbeginS.o]
    arg [-L/bin/../lib64/gcc/x86_64-pc-linux-gnu/12.2.0] ==> dir [/bin/../lib64/gcc/x86_64-pc-linux-gnu/12.2.0]
    arg [-L/bin/../lib64/gcc/x86_64-pc-linux-gnu/12.2.0/../../../../lib64] ==> dir [/bin/../lib64/gcc/x86_64-pc-linux-gnu/12.2.0/../../../../lib64]
    arg [-L/lib/../lib64] ==> dir [/lib/../lib64]
    arg [-L/usr/lib/../lib64] ==> dir [/usr/lib/../lib64]
    arg [-L/lib] ==> dir [/lib]
    arg [-L/usr/lib] ==> dir [/usr/lib]
    arg [CMakeFiles/cmTC_bf897.dir/CMakeCCompilerABI.c.o] ==> ignore
    arg [-lgcc] ==> lib [gcc]
    arg [--as-needed] ==> ignore
    arg [-lgcc_s] ==> lib [gcc_s]
    arg [--no-as-needed] ==> ignore
    arg [-lc] ==> lib [c]
    arg [-lgcc] ==> lib [gcc]
    arg [--as-needed] ==> ignore
    arg [-lgcc_s] ==> lib [gcc_s]
    arg [--no-as-needed] ==> ignore
    arg [/bin/../lib64/gcc/x86_64-pc-linux-gnu/12.2.0/crtendS.o] ==> obj [/bin/../lib64/gcc/x86_64-pc-linux-gnu/12.2.0/crtendS.o]
    arg [/bin/../lib64/gcc/x86_64-pc-linux-gnu/12.2.0/../../../../lib64/crtn.o] ==> obj [/bin/../lib64/gcc/x86_64-pc-linux-gnu/12.2.0/../../../../lib64/crtn.o]
  collapse obj [/bin/../lib64/gcc/x86_64-pc-linux-gnu/12.2.0/../../../../lib64/Scrt1.o] ==> [/lib64/Scrt1.o]
  collapse obj [/bin/../lib64/gcc/x86_64-pc-linux-gnu/12.2.0/../../../../lib64/crti.o] ==> [/lib64/crti.o]
  collapse obj [/bin/../lib64/gcc/x86_64-pc-linux-gnu/12.2.0/crtbeginS.o] ==> [/lib64/gcc/x86_64-pc-linux-gnu/12.2.0/crtbeginS.o]
  collapse obj [/bin/../lib64/gcc/x86_64-pc-linux-gnu/12.2.0/crtendS.o] ==> [/lib64/gcc/x86_64-pc-linux-gnu/12.2.0/crtendS.o]
  collapse obj [/bin/../lib64/gcc/x86_64-pc-linux-gnu/12.2.0/../../../../lib64/crtn.o] ==> [/lib64/crtn.o]
  collapse library dir [/bin/../lib64/gcc/x86_64-pc-linux-gnu/12.2.0] ==> [/lib64/gcc/x86_64-pc-linux-gnu/12.2.0]
  collapse library dir [/bin/../lib64/gcc/x86_64-pc-linux-gnu/12.2.0/../../../../lib64] ==> [/lib64]
  collapse library dir [/lib/../lib64] ==> [/lib64]
  collapse library dir [/usr/lib/../lib64] ==> [/usr/lib64]
  collapse library dir [/lib] ==> [/lib]
  collapse library dir [/usr/lib] ==> [/usr/lib]
  implicit libs: [gcc;gcc_s;c;gcc;gcc_s]
  implicit objs: [/lib64/Scrt1.o;/lib64/crti.o;/lib64/gcc/x86_64-pc-linux-gnu/12.2.0/crtbeginS.o;/lib64/gcc/x86_64-pc-linux-gnu/12.2.0/crtendS.o;/lib64/crtn.o]
  implicit dirs: [/lib64/gcc/x86_64-pc-linux-gnu/12.2.0;/lib64;/usr/lib64;/lib;/usr/lib]
  implicit fwks: []


Detecting CXX compiler ABI info compiled with the following output:
Change Dir: /home/eriksson/code/minivan/build/CMakeFiles/CMakeScratch/TryCompile-2WczNW

Run Build Command(s):/usr/bin/make -f Makefile cmTC_08c0a/fast && /usr/bin/make  -f CMakeFiles/cmTC_08c0a.dir/build.make CMakeFiles/cmTC_08c0a.dir/build
make[1]: Entering directory '/home/eriksson/code/minivan/build/CMakeFiles/CMakeScratch/TryCompile-2WczNW'
Building CXX object CMakeFiles/cmTC_08c0a.dir/CMakeCXXCompilerABI.cpp.o
/bin/clang++   -v -MD -MT CMakeFiles/cmTC_08c0a.dir/CMakeCXXCompilerABI.cpp.o -MF CMakeFiles/cmTC_08c0a.dir/CMakeCXXCompilerABI.cpp.o.d -o CMakeFiles/cmTC_08c0a.dir/CMakeCXXCompilerABI.cpp.o -c /usr/share/cmake/Modules/CMakeCXXCompilerABI.cpp
clang version 14.0.6
Target: x86_64-pc-linux-gnu
Thread model: posix
InstalledDir: /bin
Found candidate GCC installation: /bin/../lib/gcc/x86_64-pc-linux-gnu/12.2.0
Found candidate GCC installation: /bin/../lib64/gcc/x86_64-pc-linux-gnu/12.2.0
Selected GCC installation: /bin/../lib64/gcc/x86_64-pc-linux-gnu/12.2.0
Candidate multilib: .;@m64
Candidate multilib: 32;@m32
Selected multilib: .;@m64
 (in-process)
 "/usr/bin/clang-14" -cc1 -triple x86_64-pc-linux-gnu -emit-obj -mrelax-all --mrelax-relocations -disable-free -clear-ast-before-backend -disable-llvm-verifier -discard-value-names -main-file-name CMakeCXXCompilerABI.cpp -mrelocation-model pic -pic-level 2 -pic-is-pie -mframe-pointer=all -fmath-errno -ffp-contract=on -fno-rounding-math -mconstructor-aliases -funwind-tables=2 -target-cpu x86-64 -tune-cpu generic -mllvm -treat-scalable-fixed-error-as-warning -debugger-tuning=gdb -v -fcoverage-compilation-dir=/home/eriksson/code/minivan/build/CMakeFiles/CMakeScratch/TryCompile-2WczNW -resource-dir /usr/lib/clang/14.0.6 -dependency-file CMakeFiles/cmTC_08c0a.dir/CMakeCXXCompilerABI.cpp.o.d -MT CMakeFiles/cmTC_08c0a.dir/CMakeCXXCompilerABI.cpp.o -sys-header-deps -internal-isystem /bin/../lib64/gcc/x86_64-pc-linux-gnu/12.2.0/../../../../include/c++/12.2.0 -internal-isystem /bin/../lib64/gcc/x86_64-pc-linux-gnu/12.2.0/../../../../include/c++/12.2.0/x86_64-pc-linux-gnu -internal-isystem /bin/../lib64/gcc/x86_64-pc-linux-gnu/12.2.0/../../../../include/c++/12.2.0/backward -internal-isystem /usr/lib/clang/14.0.6/include -internal-isystem /usr/local/include -internal-isystem /bin/../lib64/gcc/x86_64-pc-linux-gnu/12.2.0/../../../../x86_64-pc-linux-gnu/include -internal-externc-isystem /include -internal-externc-isystem /usr/include -fdeprecated-macro -fdebug-compilation-dir=/home/eriksson/code/minivan/build/CMakeFiles/CMakeScratch/TryCompile-2WczNW -ferror-limit 19 -stack-protector 2 -fgnuc-version=4.2.1 -fcxx-exceptions -fexceptions -faddrsig -D__GCC_HAVE_DWARF2_CFI_ASM=1 -o CMakeFiles/cmTC_08c0a.dir/CMakeCXXCompilerABI.cpp.o -x c++ /usr/share/cmake/Modules/CMakeCXXCompilerABI.cpp
clang -cc1 version 14.0.6 based upon LLVM 14.0.6 default target x86_64-pc-linux-gnu
ignoring nonexistent directory "/bin/../lib64/gcc/x86_64-pc-linux-gnu/12.2.0/../../../../x86_64-pc-linux-gnu/include"
ignoring nonexistent directory "/include"
#include "..." search starts here:
#include <...> search starts here:
 /bin/../lib64/gcc/x86_64-pc-linux-gnu/12.2.0/../../../../include/c++/12.2.0
 /bin/../lib64/gcc/x86_64-pc-linux-gnu/12.2.0/../../../../include/c++/12.2.0/x86_64-pc-linux-gnu
 /bin/../lib64/gcc/x86_64-pc-linux-gnu/12.2.0/../../../../include/c++/12.2.0/backward
 /usr/lib/clang/14.0.6/include
 /usr/local/include
 /usr/include
End of search list.
Linking CXX executable cmTC_08c0a
/usr/bin/cmake -E cmake_link_script CMakeFiles/cmTC_08c0a.dir/link.txt --verbose=1
/bin/clang++  -v -rdynamic CMakeFiles/cmTC_08c0a.dir/CMakeCXXCompilerABI.cpp.o -o cmTC_08c0a 
clang version 14.0.6
Target: x86_64-pc-linux-gnu
Thread model: posix
InstalledDir: /bin
Found candidate GCC installation: /bin/../lib/gcc/x86_64-pc-linux-gnu/12.2.0
Found candidate GCC installation: /bin/../lib64/gcc/x86_64-pc-linux-gnu/12.2.0
Selected GCC installation: /bin/../lib64/gcc/x86_64-pc-linux-gnu/12.2.0
Candidate multilib: .;@m64
Candidate multilib: 32;@m32
Selected multilib: .;@m64
 "/bin/ld" -pie -export-dynamic --build-id --eh-frame-hdr -m elf_x86_64 -export-dynamic -dynamic-linker /lib64/ld-linux-x86-64.so.2 -o cmTC_08c0a /bin/../lib64/gcc/x86_64-pc-linux-gnu/12.2.0/../../../../lib64/Scrt1.o /bin/../lib64/gcc/x86_64-pc-linux-gnu/12.2.0/../../../../lib64/crti.o /bin/../lib64/gcc/x86_64-pc-linux-gnu/12.2.0/crtbeginS.o -L/bin/../lib64/gcc/x86_64-pc-linux-gnu/12.2.0 -L/bin/../lib64/gcc/x86_64-pc-linux-gnu/12.2.0/../../../../lib64 -L/lib/../lib64 -L/usr/lib/../lib64 -L/lib -L/usr/lib CMakeFiles/cmTC_08c0a.dir/CMakeCXXCompilerABI.cpp.o -lstdc++ -lm -lgcc_s -lgcc -lc -lgcc_s -lgcc /bin/../lib64/gcc/x86_64-pc-linux-gnu/12.2.0/crtendS.o /bin/../lib64/gcc/x86_64-pc-linux-gnu/12.2.0/../../../../lib64/crtn.o
make[1]: Leaving directory '/home/eriksson/code/minivan/build/CMakeFiles/CMakeScratch/TryCompile-2WczNW'



Parsed CXX implicit include dir info from above output: rv=done
  found start of include info
  found start of implicit include info
    add: [/bin/../lib64/gcc/x86_64-pc-linux-gnu/12.2.0/../../../../include/c++/12.2.0]
    add: [/bin/../lib64/gcc/x86_64-pc-linux-gnu/12.2.0/../../../../include/c++/12.2.0/x86_64-pc-linux-gnu]
    add: [/bin/../lib64/gcc/x86_64-pc-linux-gnu/12.2.0/../../../../include/c++/12.2.0/backward]
    add: [/usr/lib/clang/14.0.6/include]
    add: [/usr/local/include]
    add: [/usr/include]
  end of search list found
  collapse include dir [/bin/../lib64/gcc/x86_64-pc-linux-gnu/12.2.0/../../../../include/c++/12.2.0] ==> [/include/c++/12.2.0]
  collapse include dir [/bin/../lib64/gcc/x86_64-pc-linux-gnu/12.2.0/../../../../include/c++/12.2.0/x86_64-pc-linux-gnu] ==> [/include/c++/12.2.0/x86_64-pc-linux-gnu]
  collapse include dir [/bin/../lib64/gcc/x86_64-pc-linux-gnu/12.2.0/../../../../include/c++/12.2.0/backward] ==> [/include/c++/12.2.0/backward]
  collapse include dir [/usr/lib/clang/14.0.6/include] ==> [/usr/lib/clang/14.0.6/include]
  collapse include dir [/usr/local/include] ==> [/usr/local/include]
  collapse include dir [/usr/include] ==> [/usr/include]
  implicit include dirs: [/include/c++/12.2.0;/include/c++/12.2.0/x86_64-pc-linux-gnu;/include/c++/12.2.0/backward;/usr/lib/clang/14.0.6/include;/usr/local/include;/usr/include]


Parsed CXX implicit link information from above output:
  link line regex: [^( *|.*[/\])(ld|CMAKE_LINK_STARTFILE-NOTFOUND|([^/\]+-)?ld|collect2)[^/\]*( |$)]
  ignore line: [Change Dir: /home/eriksson/code/minivan/build/CMakeFiles/CMakeScratch/TryCompile-2WczNW]
  ignore line: []
  ignore line: [Run Build Command(s):/usr/bin/make -f Makefile cmTC_08c0a/fast && /usr/bin/make  -f CMakeFiles/cmTC_08c0a.dir/build.make CMakeFiles/cmTC_08c0a.dir/build]
  ignore line: [make[1]: Entering directory '/home/eriksson/code/minivan/build/CMakeFiles/CMakeScratch/TryCompile-2WczNW']
  ignore line: [Building CXX object CMakeFiles/cmTC_08c0a.dir/CMakeCXXCompilerABI.cpp.o]
  ignore line: [/bin/clang++   -v -MD -MT CMakeFiles/cmTC_08c0a.dir/CMakeCXXCompilerABI.cpp.o -MF CMakeFiles/cmTC_08c0a.dir/CMakeCXXCompilerABI.cpp.o.d -o CMakeFiles/cmTC_08c0a.dir/CMakeCXXCompilerABI.cpp.o -c /usr/share/cmake/Modules/CMakeCXXCompilerABI.cpp]
  ignore line: [clang version 14.0.6]
  ignore line: [Target: x86_64-pc-linux-gnu]
  ignore line: [Thread model: posix]
  ignore line: [InstalledDir: /bin]
  ignore line: [Found candidate GCC installation: /bin/../lib/gcc/x86_64-pc-linux-gnu/12.2.0]
  ignore line: [Found candidate GCC installation: /bin/../lib64/gcc/x86_64-pc-linux-gnu/12.2.0]
  ignore line: [Selected GCC installation: /bin/../lib64/gcc/x86_64-pc-linux-gnu/12.2.0]
  ignore line: [Candidate multilib: .]
  ignore line: [@m64]
  ignore line: [Candidate multilib: 32]
  ignore line: [@m32]
  ignore line: [Selected multilib: .]
  ignore line: [@m64]
  ignore line: [ (in-process)]
  ignore line: [ "/usr/bin/clang-14" -cc1 -triple x86_64-pc-linux-gnu -emit-obj -mrelax-all --mrelax-relocations -disable-free -clear-ast-before-backend -disable-llvm-verifier -discard-value-names -main-file-name CMakeCXXCompilerABI.cpp -mrelocation-model pic -pic-level 2 -pic-is-pie -mframe-pointer=all -fmath-errno -ffp-contract=on -fno-rounding-math -mconstructor-aliases -funwind-tables=2 -target-cpu x86-64 -tune-cpu generic -mllvm -treat-scalable-fixed-error-as-warning -debugger-tuning=gdb -v -fcoverage-compilation-dir=/home/eriksson/code/minivan/build/CMakeFiles/CMakeScratch/TryCompile-2WczNW -resource-dir /usr/lib/clang/14.0.6 -dependency-file CMakeFiles/cmTC_08c0a.dir/CMakeCXXCompilerABI.cpp.o.d -MT CMakeFiles/cmTC_08c0a.dir/CMakeCXXCompilerABI.cpp.o -sys-header-deps -internal-isystem /bin/../lib64/gcc/x86_64-pc-linux-gnu/12.2.0/../../../../include/c++/12.2.0 -internal-isystem /bin/../lib64/gcc/x86_64-pc-linux-gnu/12.2.0/../../../../include/c++/12.2.0/x86_64-pc-linux-gnu -internal-isystem /bin/../lib64/gcc/x86_64-pc-linux-gnu/12.2.0/../../../../include/c++/12.2.0/backward -internal-isystem /usr/lib/clang/14.0.6/include -internal-isystem /usr/local/include -internal-isystem /bin/../lib64/gcc/x86_64-pc-linux-gnu/12.2.0/../../../../x86_64-pc-linux-gnu/include -internal-externc-isystem /include -internal-externc-isystem /usr/include -fdeprecated-macro -fdebug-compilation-dir=/home/eriksson/code/minivan/build/CMakeFiles/CMakeScratch/TryCompile-2WczNW -ferror-limit 19 -stack-protector 2 -fgnuc-version=4.2.1 -fcxx-exceptions -fexceptions -faddrsig -D__GCC_HAVE_DWARF2_CFI_ASM=1 -o CMakeFiles/cmTC_08c0a.dir/CMakeCXXCompilerABI.cpp.o -x c++ /usr/share/cmake/Modules/CMakeCXXCompilerABI.cpp]
  ignore line: [clang -cc1 version 14.0.6 based upon LLVM 14.0.6 default target x86_64-pc-linux-gnu]
  ignore line: [ignoring nonexistent directory "/bin/../lib64/gcc/x86_64-pc-linux-gnu/12.2.0/../../../../x86_64-pc-linux-gnu/include"]
  ignore line: [ignoring nonexistent directory "/include"]
  ignore line: [#include "..." search starts here:]
  ignore line: [#include <...> search starts here:]
  ignore line: [ /bin/../lib64/gcc/x86_64-pc-linux-gnu/12.2.0/../../../../include/c++/12.2.0]
  ignore line: [ /bin/../lib64/gcc/x86_64-pc-linux-gnu/12.2.0/../../../../include/c++/12.2.0/x86_64-pc-linux-gnu]
  ignore line: [ /bin/../lib64/gcc/x86_64-pc-linux-gnu/12.2.0/../../../../include/c++/12.2.0/backward]
  ignore line: [ /usr/lib/clang/14.0.6/include]
  ignore line: [ /usr/local/include]
  ignore line: [ /usr/include]
  ignore line: [End of search list.]
  ignore line: [Linking CXX executable cmTC_08c0a]
  ignore line: [/usr/bin/cmake -E cmake_link_script CMakeFiles/cmTC_08c0a.dir/link.txt --verbose=1]
  ignore line: [/bin/clang++  -v -rdynamic CMakeFiles/cmTC_08c0a.dir/CMakeCXXCompilerABI.cpp.o -o cmTC_08c0a ]
  ignore line: [clang version 14.0.6]
  ignore line: [Target: x86_64-pc-linux-gnu]
  ignore line: [Thread model: posix]
  ignore line: [InstalledDir: /bin]
  ignore line: [Found candidate GCC installation: /bin/../lib/gcc/x86_64-pc-linux-gnu/12.2.0]
  ignore line: [Found candidate GCC installation: /bin/../lib64/gcc/x86_64-pc-linux-gnu/12.2.0]
  ignore line: [Selected GCC installation: /bin/../lib64/gcc/x86_64-pc-linux-gnu/12.2.0]
  ignore line: [Candidate multilib: .]
  ignore line: [@m64]
  ignore line: [Candidate multilib: 32]
  ignore line: [@m32]
  ignore line: [Selected multilib: .]
  ignore line: [@m64]
  link line: [ "/bin/ld" -pie -export-dynamic --build-id --eh-frame-hdr -m elf_x86_64 -export-dynamic -dynamic-linker /lib64/ld-linux-x86-64.so.2 -o cmTC_08c0a /bin/../lib64/gcc/x86_64-pc-linux-gnu/12.2.0/../../../../lib64/Scrt1.o /bin/../lib64/gcc/x86_64-pc-linux-gnu/12.2.0/../../../../lib64/crti.o /bin/../lib64/gcc/x86_64-pc-linux-gnu/12.2.0/crtbeginS.o -L/bin/../lib64/gcc/x86_64-pc-linux-gnu/12.2.0 -L/bin/../lib64/gcc/x86_64-pc-linux-gnu/12.2.0/../../../../lib64 -L/lib/../lib64 -L/usr/lib/../lib64 -L/lib -L/usr/lib CMakeFiles/cmTC_08c0a.dir/CMakeCXXCompilerABI.cpp.o -lstdc++ -lm -lgcc_s -lgcc -lc -lgcc_s -lgcc /bin/../lib64/gcc/x86_64-pc-linux-gnu/12.2.0/crtendS.o /bin/../lib64/gcc/x86_64-pc-linux-gnu/12.2.0/../../../../lib64/crtn.o]
    arg [/bin/ld] ==> ignore
    arg [-pie] ==> ignore
    arg [-export-dynamic] ==> ignore
    arg [--build-id] ==> ignore
    arg [--eh-frame-hdr] ==> ignore
    arg [-m] ==> ignore
    arg [elf_x86_64] ==> ignore
    arg [-export-dynamic] ==> ignore
    arg [-dynamic-linker] ==> ignore
    arg [/lib64/ld-linux-x86-64.so.2] ==> ignore
    arg [-o] ==> ignore
    arg [cmTC_08c0a] ==> ignore
    arg [/bin/../lib64/gcc/x86_64-pc-linux-gnu/12.2.0/../../../../lib64/Scrt1.o] ==> obj [/bin/../lib64/gcc/x86_64-pc-linux-gnu/12.2.0/../../../../lib64/Scrt1.o]
    arg [/bin/../lib64/gcc/x86_64-pc-linux-gnu/12.2.0/../../../../lib64/crti.o] ==> obj [/bin/../lib64/gcc/x86_64-pc-linux-gnu/12.2.0/../../../../lib64/crti.o]
    arg [/bin/../lib64/gcc/x86_64-pc-linux-gnu/12.2.0/crtbeginS.o] ==> obj [/bin/../lib64/gcc/x86_64-pc-linux-gnu/12.2.0/crtbeginS.o]
    arg [-L/bin/../lib64/gcc/x86_64-pc-linux-gnu/12.2.0] ==> dir [/bin/../lib64/gcc/x86_64-pc-linux-gnu/12.2.0]
    arg [-L/bin/../lib64/gcc/x86_64-pc-linux-gnu/12.2.0/../../../../lib64] ==> dir [/bin/../lib64/gcc/x86_64-pc-linux-gnu/12.2.0/../../../../lib64]
    arg [-L/lib/../lib64] ==> dir [/lib/../lib64]
    arg [-L/usr/lib/../lib64] ==> dir [/usr/lib/../lib64]
    arg [-L/lib] ==> dir [/lib]
    arg [-L/usr/lib] ==> dir [/usr/lib]
    arg [CMakeFiles/cmTC_08c0a.dir/CMakeCXXCompilerABI.cpp.o] ==> ignore
    arg [-lstdc++] ==> lib [stdc++]
    arg [-lm] ==> lib [m]
    arg [-lgcc_s] ==> lib [gcc_s]
    arg [-lgcc] ==> lib [gcc]
    arg [-lc] ==> lib [c]
    arg [-lgcc_s] ==> lib [gcc_s]
    arg [-lgcc] ==> lib [gcc]
    arg [/bin/../lib64/gcc/x86_64-pc-linux-gnu/12.2.0/crtendS.o] ==> obj [/bin/../lib64/gcc/x86_64-pc-linux-gnu/12.2.0/crtendS.o]
    arg [/bin/../lib64/gcc/x86_64-pc-linux-gnu/12.2.0/../../../../lib64/crtn.o] ==> obj [/bin/../lib64/gcc/x86_64-pc-linux-gnu/12.2.0/../../../../lib64/crtn.o]
  collapse obj [/bin/../lib64/gcc/x86_64-pc-linux-gnu/12.2.0/../../../../lib64/Scrt1.o] ==> [/lib64/Scrt1.o]
  collapse obj [/bin/../lib64/gcc/x86_64-pc-linux-gnu/12.2.0/../../../../lib64/crti.o] ==> [/lib64/crti.o]
  collapse obj [/bin/../lib64/gcc/x86_64-pc-linux-gnu/12.2.0/crtbeginS.o] ==> [/lib64/gcc/x86_64-pc-linux-gnu/12.2.0/crtbeginS.o]
  collapse obj [/bin/../lib64/gcc/x86_64-pc-linux-gnu/12.2.0/crtendS.o] ==> [/lib64/gcc/x86_64-pc-linux-gnu/12.2.0/crtendS.o]
  collapse obj [/bin/../lib64/gcc/x86_64-pc-linux-gnu/12.2.0/../../../../lib64/crtn.o] ==> [/lib64/crtn.o]
  collapse library dir [/bin/../lib64/gcc/x86_64-pc-linux-gnu/12.2.0] ==> [/lib64/gcc/x86_64-pc-linux-gnu/12.2.0]
  collapse library dir [/bin/../lib64/gcc/x86_64-pc-linux-gnu/12.2.0/../../../../lib64] ==> [/lib64]
  collapse library dir [/lib/../lib64] ==> [/lib64]
  collapse library dir [/usr/lib/../lib64] ==> [/usr/lib64]
  collapse library dir [/lib] ==> [/lib]
  collapse library dir [/usr/lib] ==> [/usr/lib]
  implicit libs: [stdc++;m;gcc_s;gcc;c;gcc_s;gcc]
  implicit objs: [/lib64/Scrt1.o;/lib64/crti.o;/lib64/gcc/x86_64-pc-linux-gnu/12.2.0/crtbeginS.o;/lib64/gcc/x86_64-pc-linux-gnu/12.2.0/crtendS.o;/lib64/crtn.o]
  implicit dirs: [/lib64/gcc/x86_64-pc-linux-gnu/12.2.0;/lib64;/usr/lib64;/lib;/usr/lib]
  implicit fwks: []


